<?xml version="1.0" encoding="UTF-8"?>
<!-- Generated by org.testng.reporters.JUnitReportReporter -->
<testsuite hostname="DESKTOP-303B9DJ" failures="0" tests="5" name="webcalculator.tests.CalculatorTest" time="24.494" errors="0" timestamp="2024-04-26T14:30:39 EDT" skipped="0">
  <testcase classname="webcalculator.tests.CalculatorTest" name="TestScenario4" time="5.537"/>
  <system-out/>
  <testcase classname="webcalculator.tests.CalculatorTest" name="TestScenario2" time="5.561"/>
  <system-out/>
  <testcase classname="webcalculator.tests.CalculatorTest" name="TestScenario3" time="6.530"/>
  <system-out/>
  <testcase classname="webcalculator.tests.CalculatorTest" name="calculatorHistoryTest" time="1.045"/>
  <system-out/>
  <testcase classname="webcalculator.tests.CalculatorTest" name="TestScenario1" time="5.821"/>
  <system-out/>
</testsuite> <!-- webcalculator.tests.CalculatorTest -->
